<?xml version="1.0" encoding="UTF-8"?>
<!-- Generated by org.testng.reporters.JUnitReportReporter -->
<testsuite hostname="icbc-PC" name="net.xdclass.demo.testng.Test1" tests="1" failures="0" timestamp="5 Mar 2019 06:46:13 GMT" time="0.014" errors="0">
  <testcase name="f" time="0.014" classname="net.xdclass.demo.testng.Test1"/>
</testsuite> <!-- net.xdclass.demo.testng.Test1 -->
