<?xml version="1.0" encoding="UTF-8"?>
<!-- Generated by org.testng.reporters.JUnitReportReporter -->
<testsuite hostname="icbc-PC" name="net.xdclass.demo.testng.TestHelloWorld" tests="1" failures="0" timestamp="6 Mar 2019 03:18:13 GMT" time="0.021" errors="0">
  <testcase name="testEmailGenerator2" time="0.021" classname="net.xdclass.demo.testng.TestHelloWorld"/>
</testsuite> <!-- net.xdclass.demo.testng.TestHelloWorld -->
